::1 - - [04/Jun/2020:01:42:09 +0000] "GET / HTTP/1.1" 200 26
::1 - - [04/Jun/2020:01:42:10 +0000] "GET /favicon.ico HTTP/1.1" 404 150
::1 - - [04/Jun/2020:01:42:14 +0000] "GET /customer HTTP/1.1" 200 85
::1 - - [04/Jun/2020:01:42:29 +0000] "GET /customer HTTP/1.1" 404 147
::1 - - [04/Jun/2020:01:42:31 +0000] "GET /customers HTTP/1.1" 200 85
::1 - - [04/Jun/2020:01:53:10 +0000] "GET /customers HTTP/1.1" 304 -
::ffff:127.0.0.1 - - [04/Jun/2020:02:21:50 +0000] "GET /customers HTTP/1.1" 200 85
::ffff:127.0.0.1 - - [04/Jun/2020:02:47:43 +0000] "GET /customers HTTP/1.1" 200 415034
::ffff:127.0.0.1 - - [04/Jun/2020:02:48:11 +0000] "GET /customers/1 HTTP/1.1" 200 209
::ffff:127.0.0.1 - - [04/Jun/2020:02:50:43 +0000] "POST /customers HTTP/1.1" 500 1540
::ffff:127.0.0.1 - - [04/Jun/2020:02:51:03 +0000] "POST /customers HTTP/1.1" 500 1540
::ffff:127.0.0.1 - - [04/Jun/2020:02:51:42 +0000] "POST /customers HTTP/1.1" 500 1540
::ffff:127.0.0.1 - - [04/Jun/2020:02:55:13 +0000] "POST /customers HTTP/1.1" 400 1089
::ffff:127.0.0.1 - - [04/Jun/2020:02:58:02 +0000] "POST /customers HTTP/1.1" 500 30
::ffff:127.0.0.1 - - [04/Jun/2020:02:58:47 +0000] "POST /customers HTTP/1.1" 200 31
::ffff:127.0.0.1 - - [04/Jun/2020:02:59:26 +0000] "DELETE /customers/2024 HTTP/1.1" 500 29
::ffff:127.0.0.1 - - [04/Jun/2020:02:59:59 +0000] "DELETE /customers/2025 HTTP/1.1" 500 29
::ffff:127.0.0.1 - - [04/Jun/2020:03:00:02 +0000] "DELETE /customers/2026 HTTP/1.1" 200 30
::ffff:127.0.0.1 - - [04/Jun/2020:03:00:17 +0000] "DELETE /customers/2023 HTTP/1.1" 200 30
::ffff:127.0.0.1 - - [04/Jun/2020:03:01:30 +0000] "PUT /customers HTTP/1.1" 500 1540
::ffff:127.0.0.1 - - [04/Jun/2020:03:02:12 +0000] "PUT /customers HTTP/1.1" 500 1540
::ffff:127.0.0.1 - - [04/Jun/2020:03:02:24 +0000] "PUT /customers HTTP/1.1" 500 1540
::ffff:127.0.0.1 - - [04/Jun/2020:03:02:54 +0000] "PUT /customers HTTP/1.1" 200 30
::ffff:127.0.0.1 - - [04/Jun/2020:03:03:52 +0000] "POST /customers/search HTTP/1.1" 400 1088
::ffff:127.0.0.1 - - [04/Jun/2020:03:03:57 +0000] "POST /customers/search HTTP/1.1" 200 223
::ffff:127.0.0.1 - - [04/Jun/2020:03:04:13 +0000] "POST /customers HTTP/1.1" 200 31
::ffff:127.0.0.1 - - [04/Jun/2020:03:38:13 +0000] "GET /customers HTTP/1.1" 200 415041
::ffff:127.0.0.1 - - [04/Jun/2020:03:38:36 +0000] "GET /customers/1 HTTP/1.1" 200 223
::ffff:127.0.0.1 - - [04/Jun/2020:03:38:45 +0000] "GET /customers/2000 HTTP/1.1" 200 203
::ffff:127.0.0.1 - - [04/Jun/2020:03:38:54 +0000] "POST /customers HTTP/1.1" 200 31
::ffff:127.0.0.1 - - [04/Jun/2020:03:39:39 +0000] "POST /customers HTTP/1.1" 200 31
::ffff:127.0.0.1 - - [04/Jun/2020:03:42:14 +0000] "POST /customers HTTP/1.1" 200 31
::ffff:127.0.0.1 - - [04/Jun/2020:03:42:25 +0000] "GET /customers HTTP/1.1" 200 201
::ffff:127.0.0.1 - - [04/Jun/2020:03:42:28 +0000] "GET /customers/1 HTTP/1.1" 200 201
::ffff:127.0.0.1 - - [04/Jun/2020:03:42:38 +0000] "DELETE /customers/1 HTTP/1.1" 200 30
::ffff:127.0.0.1 - - [04/Jun/2020:03:42:59 +0000] "POST /customers HTTP/1.1" 200 31
::ffff:127.0.0.1 - - [04/Jun/2020:03:43:02 +0000] "POST /customers HTTP/1.1" 200 31
::ffff:127.0.0.1 - - [04/Jun/2020:03:43:52 +0000] "PUT /customers HTTP/1.1" 200 30
::ffff:127.0.0.1 - - [04/Jun/2020:03:44:16 +0000] "GET /customers/2023 HTTP/1.1" 200 226
::ffff:127.0.0.1 - - [04/Jun/2020:03:44:37 +0000] "POST /customers/search HTTP/1.1" 200 226
::ffff:127.0.0.1 - - [04/Jun/2020:04:08:59 +0000] "GET /customers/page/1 HTTP/1.1" 200 2044
::ffff:127.0.0.1 - - [04/Jun/2020:04:09:10 +0000] "GET /customers/page/2 HTTP/1.1" 200 2077
::1 - - [04/Jun/2020:04:29:50 +0000] "GET /customers/page/1 HTTP/1.1" 200 2044
::1 - - [04/Jun/2020:04:30:59 +0000] "GET /customers/page/1 HTTP/1.1" 304 -
::1 - - [04/Jun/2020:04:34:10 +0000] "GET /customers/page/1 HTTP/1.1" 304 -
::1 - - [04/Jun/2020:04:35:03 +0000] "GET /customers/page/1 HTTP/1.1" 304 -
::1 - - [04/Jun/2020:04:35:18 +0000] "GET /customers/page/1 HTTP/1.1" 304 -
::1 - - [04/Jun/2020:04:35:33 +0000] "GET /customers/page/1 HTTP/1.1" 304 -
::1 - - [04/Jun/2020:04:35:43 +0000] "GET /customers/page/1 HTTP/1.1" 304 -
::1 - - [04/Jun/2020:04:37:09 +0000] "GET /customers/page/1 HTTP/1.1" 304 -
::1 - - [04/Jun/2020:04:38:09 +0000] "GET /customers/page/1 HTTP/1.1" 304 -
::1 - - [04/Jun/2020:04:38:56 +0000] "GET /customers/page/1 HTTP/1.1" 304 -
::1 - - [04/Jun/2020:04:40:12 +0000] "GET /customers/page/1 HTTP/1.1" 304 -
::1 - - [04/Jun/2020:04:40:15 +0000] "GET /customers/page/1 HTTP/1.1" 304 -
::1 - - [04/Jun/2020:04:42:32 +0000] "GET /customers/page/1 HTTP/1.1" 304 -
::1 - - [04/Jun/2020:04:46:20 +0000] "GET /customers/page/1 HTTP/1.1" 304 -
::1 - - [04/Jun/2020:04:46:24 +0000] "GET /customers/page/1 HTTP/1.1" 304 -
::1 - - [04/Jun/2020:04:47:17 +0000] "GET /customers/page/1 HTTP/1.1" 304 -
::1 - - [04/Jun/2020:04:47:49 +0000] "GET /customers/page/1 HTTP/1.1" 304 -
::1 - - [04/Jun/2020:04:48:10 +0000] "GET /customers/page/1 HTTP/1.1" 304 -
::1 - - [04/Jun/2020:04:48:24 +0000] "OPTIONS /customers/search/ HTTP/1.1" 204 0
::1 - - [04/Jun/2020:04:48:24 +0000] "POST /customers/search/ HTTP/1.1" 200 415049
::1 - - [04/Jun/2020:04:48:24 +0000] "GET /customers/page/1 HTTP/1.1" 304 -
::1 - - [04/Jun/2020:04:48:44 +0000] "GET /customers/page/1 HTTP/1.1" 304 -
::1 - - [04/Jun/2020:04:48:47 +0000] "OPTIONS /customers/search/ HTTP/1.1" 204 0
::1 - - [04/Jun/2020:04:48:47 +0000] "POST /customers/search/ HTTP/1.1" 200 415049
::1 - - [04/Jun/2020:04:50:14 +0000] "GET /customers/page/1 HTTP/1.1" 304 -
::1 - - [04/Jun/2020:04:50:35 +0000] "GET /customers/page/1 HTTP/1.1" 304 -
::1 - - [04/Jun/2020:04:50:53 +0000] "GET /customers/page/1 HTTP/1.1" 304 -
::1 - - [04/Jun/2020:04:51:03 +0000] "OPTIONS /customers/search/ HTTP/1.1" 204 0
::1 - - [04/Jun/2020:04:51:03 +0000] "POST /customers/search/ HTTP/1.1" 200 415049
::1 - - [04/Jun/2020:04:53:35 +0000] "GET /customers/page/1 HTTP/1.1" 304 -
::1 - - [04/Jun/2020:04:53:37 +0000] "GET /customers/page/1 HTTP/1.1" 304 -
::1 - - [04/Jun/2020:04:53:41 +0000] "OPTIONS /customers/search/ HTTP/1.1" 204 0
::1 - - [04/Jun/2020:04:53:41 +0000] "POST /customers/search/ HTTP/1.1" 200 415049
::ffff:127.0.0.1 - - [04/Jun/2020:04:54:22 +0000] "POST /customers/search HTTP/1.1" 200 226
::1 - - [04/Jun/2020:04:54:43 +0000] "GET /customers/page/1 HTTP/1.1" 304 -
::1 - - [04/Jun/2020:04:54:47 +0000] "OPTIONS /customers/search/ HTTP/1.1" 204 0
::1 - - [04/Jun/2020:04:54:47 +0000] "POST /customers/search/ HTTP/1.1" 200 415049
::1 - - [04/Jun/2020:04:55:17 +0000] "GET /customers/page/1 HTTP/1.1" 304 -
::1 - - [04/Jun/2020:04:55:22 +0000] "OPTIONS /customers/search HTTP/1.1" 204 0
::1 - - [04/Jun/2020:04:55:22 +0000] "POST /customers/search HTTP/1.1" 200 415049
::1 - - [04/Jun/2020:04:56:09 +0000] "GET /customers/page/1 HTTP/1.1" 304 -
::1 - - [04/Jun/2020:04:56:22 +0000] "GET /customers/page/1 HTTP/1.1" 304 -
::1 - - [04/Jun/2020:04:56:26 +0000] "OPTIONS /customers/search HTTP/1.1" 204 0
::1 - - [04/Jun/2020:04:56:26 +0000] "POST /customers/search HTTP/1.1" 200 415049
::1 - - [04/Jun/2020:04:56:32 +0000] "OPTIONS /customers/search HTTP/1.1" 204 0
::1 - - [04/Jun/2020:04:56:32 +0000] "POST /customers/search HTTP/1.1" 200 415049
::1 - - [04/Jun/2020:04:56:35 +0000] "GET /customers/page/1 HTTP/1.1" 304 -
::1 - - [04/Jun/2020:04:57:40 +0000] "GET /customers/page/1 HTTP/1.1" 304 -
::1 - - [04/Jun/2020:04:57:50 +0000] "GET /customers/page/1 HTTP/1.1" 304 -
::1 - - [04/Jun/2020:04:57:53 +0000] "OPTIONS /customers/search HTTP/1.1" 204 0
::1 - - [04/Jun/2020:04:57:54 +0000] "POST /customers/search HTTP/1.1" 200 415049
::1 - - [04/Jun/2020:04:59:33 +0000] "OPTIONS /customers/search HTTP/1.1" 204 0
::1 - - [04/Jun/2020:04:59:33 +0000] "POST /customers/search HTTP/1.1" 200 415049
::1 - - [04/Jun/2020:05:00:52 +0000] "GET /customers/page/1 HTTP/1.1" 304 -
::1 - - [04/Jun/2020:05:00:56 +0000] "OPTIONS /customers/search HTTP/1.1" 204 0
::1 - - [04/Jun/2020:05:00:56 +0000] "POST /customers/search HTTP/1.1" 200 415049
::1 - - [04/Jun/2020:05:01:01 +0000] "POST /customers/search HTTP/1.1" 200 415049
::1 - - [04/Jun/2020:05:01:25 +0000] "GET /customers/page/1 HTTP/1.1" 304 -
::1 - - [04/Jun/2020:05:01:46 +0000] "GET /customers/page/1 HTTP/1.1" 304 -
::1 - - [04/Jun/2020:05:01:53 +0000] "OPTIONS /customers/search HTTP/1.1" 204 0
::1 - - [04/Jun/2020:05:01:53 +0000] "POST /customers/search HTTP/1.1" 200 415049
::1 - - [04/Jun/2020:05:03:03 +0000] "GET /customers/page/1 HTTP/1.1" 304 -
::1 - - [04/Jun/2020:05:03:08 +0000] "OPTIONS /customers/search HTTP/1.1" 204 0
::1 - - [04/Jun/2020:05:03:08 +0000] "POST /customers/search HTTP/1.1" 200 415049
::1 - - [04/Jun/2020:05:05:02 +0000] "GET /customers/page/1 HTTP/1.1" 304 -
::1 - - [04/Jun/2020:05:05:05 +0000] "OPTIONS /customers/search HTTP/1.1" 204 0
::1 - - [04/Jun/2020:05:05:05 +0000] "POST /customers/search HTTP/1.1" 200 207
::1 - - [04/Jun/2020:05:05:13 +0000] "GET /customers/page/1 HTTP/1.1" 304 -
::1 - - [04/Jun/2020:05:05:15 +0000] "OPTIONS /customers/search HTTP/1.1" 204 0
::1 - - [04/Jun/2020:05:05:15 +0000] "POST /customers/search HTTP/1.1" 200 207
::1 - - [04/Jun/2020:05:05:20 +0000] "POST /customers/search HTTP/1.1" 200 207
::1 - - [04/Jun/2020:05:09:16 +0000] "GET /customers/page/1 HTTP/1.1" 304 -
::1 - - [04/Jun/2020:05:09:49 +0000] "GET /customers/page/1 HTTP/1.1" 304 -
::1 - - [04/Jun/2020:05:10:15 +0000] "GET /customers/page/1 HTTP/1.1" 304 -
::1 - - [04/Jun/2020:05:10:23 +0000] "GET /customers/page/1 HTTP/1.1" 304 -
::1 - - [04/Jun/2020:05:10:37 +0000] "GET /customers/page/1 HTTP/1.1" 304 -
::1 - - [04/Jun/2020:05:10:55 +0000] "GET /customers/page/1 HTTP/1.1" 304 -
::1 - - [04/Jun/2020:05:11:19 +0000] "OPTIONS /customers/search HTTP/1.1" 204 0
::1 - - [04/Jun/2020:05:11:19 +0000] "POST /customers/search HTTP/1.1" 200 208
::1 - - [04/Jun/2020:05:11:57 +0000] "GET /customers/page/1 HTTP/1.1" 304 -
::1 - - [04/Jun/2020:05:12:14 +0000] "GET /customers/page/1 HTTP/1.1" 304 -
::1 - - [04/Jun/2020:05:12:17 +0000] "GET /customers/page/1 HTTP/1.1" 304 -
::1 - - [04/Jun/2020:05:13:09 +0000] "GET /customers/page/1 HTTP/1.1" 304 -
::1 - - [04/Jun/2020:05:13:20 +0000] "GET /customers/page/1 HTTP/1.1" 304 -
::1 - - [04/Jun/2020:05:13:57 +0000] "OPTIONS /customers/search HTTP/1.1" 204 0
::1 - - [04/Jun/2020:05:13:57 +0000] "POST /customers/search HTTP/1.1" 200 207
::1 - - [04/Jun/2020:05:17:45 +0000] "GET /customers/page/1 HTTP/1.1" 304 -
::1 - - [04/Jun/2020:05:17:47 +0000] "GET /customers/page/1 HTTP/1.1" 304 -
::1 - - [04/Jun/2020:05:18:04 +0000] "GET /customers/page/1 HTTP/1.1" 304 -
::1 - - [04/Jun/2020:05:19:57 +0000] "OPTIONS /customers/search HTTP/1.1" 204 0
::1 - - [04/Jun/2020:05:19:57 +0000] "POST /customers/search HTTP/1.1" 200 415049
::1 - - [04/Jun/2020:05:20:08 +0000] "OPTIONS /customers/search HTTP/1.1" 204 0
::1 - - [04/Jun/2020:05:20:08 +0000] "POST /customers/search HTTP/1.1" 200 209
::1 - - [04/Jun/2020:05:20:24 +0000] "GET /customers/page/1 HTTP/1.1" 304 -
::1 - - [04/Jun/2020:05:20:25 +0000] "GET /customers/page/1 HTTP/1.1" 304 -
::1 - - [04/Jun/2020:05:20:37 +0000] "GET /customers/page/1 HTTP/1.1" 304 -
::1 - - [04/Jun/2020:05:20:37 +0000] "GET /customers/page/1 HTTP/1.1" 304 -
::1 - - [04/Jun/2020:05:20:47 +0000] "OPTIONS /customers/search HTTP/1.1" 204 0
::1 - - [04/Jun/2020:05:20:47 +0000] "POST /customers/search HTTP/1.1" 200 207
::1 - - [04/Jun/2020:05:20:49 +0000] "POST /customers/search HTTP/1.1" 200 207
::1 - - [04/Jun/2020:05:21:48 +0000] "GET /customers/page/1 HTTP/1.1" 304 -
::1 - - [04/Jun/2020:05:21:54 +0000] "OPTIONS /customers/search HTTP/1.1" 204 0
::1 - - [04/Jun/2020:05:21:54 +0000] "POST /customers/search HTTP/1.1" 200 2865
::1 - - [04/Jun/2020:05:22:05 +0000] "GET /customers/page/1 HTTP/1.1" 304 -
::1 - - [04/Jun/2020:05:22:15 +0000] "GET /customers/page/1 HTTP/1.1" 304 -
::1 - - [04/Jun/2020:05:22:38 +0000] "OPTIONS /customers/search HTTP/1.1" 204 0
::1 - - [04/Jun/2020:05:22:38 +0000] "POST /customers/search HTTP/1.1" 200 2863
::1 - - [04/Jun/2020:05:23:07 +0000] "OPTIONS /customers/search HTTP/1.1" 204 0
::1 - - [04/Jun/2020:05:23:07 +0000] "POST /customers/search HTTP/1.1" 200 2865
::1 - - [04/Jun/2020:05:23:18 +0000] "OPTIONS /customers/search HTTP/1.1" 204 0
::1 - - [04/Jun/2020:05:23:18 +0000] "POST /customers/search HTTP/1.1" 200 207
::1 - - [04/Jun/2020:05:24:48 +0000] "GET /customers/page/1 HTTP/1.1" 304 -
::1 - - [04/Jun/2020:05:25:02 +0000] "GET /customers/page/1 HTTP/1.1" 304 -
::1 - - [04/Jun/2020:05:28:15 +0000] "GET /customers/page/1 HTTP/1.1" 304 -
::1 - - [04/Jun/2020:05:28:29 +0000] "GET /customers/page/1 HTTP/1.1" 304 -
::1 - - [04/Jun/2020:05:28:57 +0000] "GET /customers/page/1 HTTP/1.1" 304 -
::1 - - [04/Jun/2020:05:29:04 +0000] "GET /customers/page/1 HTTP/1.1" 304 -
::1 - - [04/Jun/2020:05:29:08 +0000] "GET /customers/page/1 HTTP/1.1" 304 -
::1 - - [04/Jun/2020:05:30:51 +0000] "GET /customers/page/1 HTTP/1.1" 304 -
::1 - - [04/Jun/2020:05:30:58 +0000] "GET /customers/page/1 HTTP/1.1" 304 -
::1 - - [04/Jun/2020:05:39:53 +0000] "GET /customers/page/1 HTTP/1.1" 304 -
::1 - - [04/Jun/2020:05:40:18 +0000] "GET /customers/page/1 HTTP/1.1" 304 -
::1 - - [04/Jun/2020:05:41:05 +0000] "GET /customers/page/1 HTTP/1.1" 304 -
::1 - - [04/Jun/2020:05:44:21 +0000] "GET /customers/page/1 HTTP/1.1" 304 -
::1 - - [04/Jun/2020:05:45:12 +0000] "GET /customers/page/1 HTTP/1.1" 304 -
::1 - - [04/Jun/2020:05:45:27 +0000] "GET /customers/page/1 HTTP/1.1" 304 -
::1 - - [04/Jun/2020:05:46:01 +0000] "GET /customers/page/1 HTTP/1.1" 304 -
::1 - - [04/Jun/2020:05:46:17 +0000] "GET /customers/page/1 HTTP/1.1" 304 -
::1 - - [04/Jun/2020:05:47:09 +0000] "GET /customers/page/1 HTTP/1.1" 304 -
::1 - - [04/Jun/2020:05:47:16 +0000] "GET /customers/page/1 HTTP/1.1" 304 -
::1 - - [04/Jun/2020:05:47:17 +0000] "GET /customers/page/1 HTTP/1.1" 304 -
::1 - - [04/Jun/2020:05:47:40 +0000] "GET /customers/page/1 HTTP/1.1" 304 -
::1 - - [04/Jun/2020:05:48:16 +0000] "GET /customers/page/1 HTTP/1.1" 304 -
::1 - - [04/Jun/2020:05:48:24 +0000] "GET /customers/page/1 HTTP/1.1" 304 -
::1 - - [04/Jun/2020:05:48:28 +0000] "GET /customers/page/1 HTTP/1.1" 304 -
::1 - - [04/Jun/2020:05:48:56 +0000] "GET /customers/page/1 HTTP/1.1" 304 -
::1 - - [04/Jun/2020:05:49:05 +0000] "GET /customers/page/1 HTTP/1.1" 304 -
::1 - - [04/Jun/2020:05:49:07 +0000] "GET /customers/page/1 HTTP/1.1" 304 -
::1 - - [04/Jun/2020:05:49:29 +0000] "GET /customers/page/1 HTTP/1.1" 304 -
::1 - - [04/Jun/2020:05:49:38 +0000] "GET /customers/page/1 HTTP/1.1" 304 -
::1 - - [04/Jun/2020:05:49:47 +0000] "GET /customers/page/1 HTTP/1.1" 304 -
::1 - - [04/Jun/2020:05:50:27 +0000] "GET /customers/page/1 HTTP/1.1" 304 -
::1 - - [04/Jun/2020:05:51:13 +0000] "GET /customers/page/1 HTTP/1.1" 304 -
::1 - - [04/Jun/2020:05:52:11 +0000] "GET /customers/page/1 HTTP/1.1" 304 -
::1 - - [04/Jun/2020:05:52:57 +0000] "GET /customers/page/1 HTTP/1.1" 304 -
::1 - - [04/Jun/2020:05:53:17 +0000] "GET /customers/page/1 HTTP/1.1" 304 -
::1 - - [04/Jun/2020:05:53:26 +0000] "GET /customers/page/1 HTTP/1.1" 304 -
::1 - - [04/Jun/2020:05:54:19 +0000] "GET /customers/page/1 HTTP/1.1" 304 -
::1 - - [04/Jun/2020:05:54:36 +0000] "GET /customers/page/1 HTTP/1.1" 304 -
::1 - - [04/Jun/2020:05:56:00 +0000] "GET /customers/page/1 HTTP/1.1" 304 -
::1 - - [04/Jun/2020:05:56:44 +0000] "GET /customers/page/1 HTTP/1.1" 304 -
::1 - - [04/Jun/2020:05:56:45 +0000] "GET /customers/page/1 HTTP/1.1" 304 -
::1 - - [04/Jun/2020:05:57:05 +0000] "GET /customers/page/1 HTTP/1.1" 304 -
::1 - - [04/Jun/2020:05:58:51 +0000] "GET /customers/page/1 HTTP/1.1" 304 -
::1 - - [04/Jun/2020:05:59:29 +0000] "GET /customers/page/1 HTTP/1.1" 304 -
::1 - - [04/Jun/2020:06:00:51 +0000] "GET /customers/page/1 HTTP/1.1" 304 -
::1 - - [04/Jun/2020:06:04:26 +0000] "GET /customers/page/1 HTTP/1.1" 304 -
::1 - - [04/Jun/2020:06:04:29 +0000] "GET /customers/page/1 HTTP/1.1" 304 -
::1 - - [04/Jun/2020:06:04:35 +0000] "GET /customers/page/1 HTTP/1.1" 304 -
::1 - - [04/Jun/2020:06:04:44 +0000] "GET /customers/page/1 HTTP/1.1" 304 -
::1 - - [04/Jun/2020:06:05:26 +0000] "GET /customers/page/1 HTTP/1.1" 304 -
::1 - - [04/Jun/2020:06:06:17 +0000] "GET /customers/page/1 HTTP/1.1" 304 -
::1 - - [04/Jun/2020:06:06:32 +0000] "GET /customers/page/1 HTTP/1.1" 304 -
::1 - - [04/Jun/2020:06:06:33 +0000] "GET /customers/page/1 HTTP/1.1" 304 -
::1 - - [04/Jun/2020:06:07:43 +0000] "GET /customers/page/1 HTTP/1.1" 304 -
::1 - - [04/Jun/2020:06:07:48 +0000] "GET /customers/page/1 HTTP/1.1" 304 -
::1 - - [04/Jun/2020:06:07:49 +0000] "GET /customers/page/1 HTTP/1.1" 304 -
::1 - - [04/Jun/2020:06:08:09 +0000] "GET /customers/page/1 HTTP/1.1" 304 -
::1 - - [04/Jun/2020:06:09:01 +0000] "GET /customers/page/1 HTTP/1.1" 304 -
::1 - - [04/Jun/2020:06:13:10 +0000] "GET /customers/page/1 HTTP/1.1" 304 -
::1 - - [04/Jun/2020:06:13:44 +0000] "GET /customers/page/1 HTTP/1.1" 304 -
::1 - - [04/Jun/2020:06:15:03 +0000] "GET /customers/page/1 HTTP/1.1" 304 -
::1 - - [04/Jun/2020:06:15:18 +0000] "GET /customers/page/1 HTTP/1.1" 304 -
::1 - - [04/Jun/2020:06:15:22 +0000] "GET /customers/page/1 HTTP/1.1" 304 -
::1 - - [04/Jun/2020:06:15:39 +0000] "GET /customers/page/1 HTTP/1.1" 304 -
::1 - - [04/Jun/2020:06:15:43 +0000] "GET /customers/page/1 HTTP/1.1" 304 -
::1 - - [04/Jun/2020:06:15:45 +0000] "GET /customers/page/1 HTTP/1.1" 304 -
::1 - - [04/Jun/2020:06:19:28 +0000] "GET /customers/page/1 HTTP/1.1" 304 -
::1 - - [04/Jun/2020:06:19:30 +0000] "GET /customers/page/1 HTTP/1.1" 304 -
::1 - - [04/Jun/2020:06:20:01 +0000] "GET /customers/page/1 HTTP/1.1" 304 -
::1 - - [04/Jun/2020:06:20:07 +0000] "GET /customers/page/1 HTTP/1.1" 304 -
::1 - - [04/Jun/2020:06:20:18 +0000] "GET /customers/page/1 HTTP/1.1" 304 -
::1 - - [04/Jun/2020:06:20:48 +0000] "GET /customers/page/1 HTTP/1.1" 304 -
::1 - - [04/Jun/2020:06:21:04 +0000] "GET /customers/page/1 HTTP/1.1" 304 -
::1 - - [04/Jun/2020:06:24:29 +0000] "GET /customers/page/1 HTTP/1.1" 304 -
::1 - - [04/Jun/2020:06:24:37 +0000] "GET /customers/page/1 HTTP/1.1" 304 -
::1 - - [04/Jun/2020:06:24:46 +0000] "GET /customers/page/1 HTTP/1.1" 304 -
::1 - - [04/Jun/2020:06:25:02 +0000] "GET /customers/page/1 HTTP/1.1" 304 -
::1 - - [04/Jun/2020:06:25:44 +0000] "GET /customers/page/1 HTTP/1.1" 304 -
::1 - - [04/Jun/2020:06:26:36 +0000] "GET /customers/page/1 HTTP/1.1" 304 -
::1 - - [04/Jun/2020:06:26:39 +0000] "GET /customers/page/1 HTTP/1.1" 304 -
::1 - - [04/Jun/2020:06:27:30 +0000] "OPTIONS /customers/search HTTP/1.1" 204 0
::1 - - [04/Jun/2020:06:27:30 +0000] "POST /customers/search HTTP/1.1" 200 207
::1 - - [04/Jun/2020:06:29:53 +0000] "GET /customers/page/1 HTTP/1.1" 304 -
::1 - - [04/Jun/2020:06:31:00 +0000] "GET /customers/page/1 HTTP/1.1" 304 -
::1 - - [04/Jun/2020:06:32:44 +0000] "GET /customers/page/1 HTTP/1.1" 304 -
::1 - - [04/Jun/2020:06:33:01 +0000] "GET /customers/page/1 HTTP/1.1" 304 -
::1 - - [04/Jun/2020:06:33:37 +0000] "OPTIONS /customers/search HTTP/1.1" 204 0
::1 - - [04/Jun/2020:06:33:37 +0000] "POST /customers/search HTTP/1.1" 200 2865
::1 - - [04/Jun/2020:06:34:16 +0000] "GET /customers/page/1 HTTP/1.1" 304 -
::1 - - [04/Jun/2020:06:34:52 +0000] "GET /customers/page/1 HTTP/1.1" 304 -
::1 - - [04/Jun/2020:06:35:45 +0000] "GET /customers/page/1 HTTP/1.1" 304 -
::1 - - [04/Jun/2020:06:37:21 +0000] "GET /customers/page/1 HTTP/1.1" 304 -
::1 - - [04/Jun/2020:06:37:24 +0000] "GET /customers/page/1 HTTP/1.1" 304 -
::1 - - [04/Jun/2020:06:39:35 +0000] "GET /customers/page/1 HTTP/1.1" 304 -
::1 - - [04/Jun/2020:06:40:17 +0000] "GET /customers/page/1 HTTP/1.1" 304 -
::1 - - [04/Jun/2020:06:40:30 +0000] "GET /customers/page/1 HTTP/1.1" 304 -
::1 - - [04/Jun/2020:06:43:52 +0000] "GET /customers/page/1 HTTP/1.1" 304 -
::1 - - [04/Jun/2020:06:44:26 +0000] "GET /customers/page/1 HTTP/1.1" 304 -
::1 - - [04/Jun/2020:06:46:05 +0000] "GET /customers/page/1 HTTP/1.1" 304 -
::1 - - [04/Jun/2020:06:47:38 +0000] "GET /customers/page/1 HTTP/1.1" 304 -
::1 - - [04/Jun/2020:06:47:53 +0000] "GET /customers/page/1 HTTP/1.1" 304 -
::1 - - [04/Jun/2020:06:48:12 +0000] "OPTIONS /customers/search HTTP/1.1" 204 0
::1 - - [04/Jun/2020:06:48:12 +0000] "POST /customers/search HTTP/1.1" 200 208
::1 - - [04/Jun/2020:06:48:17 +0000] "POST /customers/search HTTP/1.1" 200 2865
::1 - - [04/Jun/2020:06:48:20 +0000] "OPTIONS /customers/search HTTP/1.1" 204 0
::1 - - [04/Jun/2020:06:48:20 +0000] "POST /customers/search HTTP/1.1" 200 2863
::1 - - [04/Jun/2020:06:49:12 +0000] "GET /customers/page/1 HTTP/1.1" 304 -
::1 - - [04/Jun/2020:06:50:19 +0000] "GET /customers/page/1 HTTP/1.1" 304 -
::1 - - [04/Jun/2020:06:50:22 +0000] "GET /customers/page/1 HTTP/1.1" 304 -
::1 - - [04/Jun/2020:06:50:27 +0000] "GET /customers/page/1 HTTP/1.1" 304 -
::1 - - [04/Jun/2020:06:50:45 +0000] "GET /customers/page/1 HTTP/1.1" 304 -
::1 - - [04/Jun/2020:06:51:47 +0000] "GET /customers/page/1 HTTP/1.1" 304 -
::1 - - [04/Jun/2020:06:52:03 +0000] "GET /customers/page/1 HTTP/1.1" 304 -
::1 - - [04/Jun/2020:06:55:58 +0000] "GET /customers/page/1 HTTP/1.1" 304 -
::1 - - [04/Jun/2020:06:56:21 +0000] "OPTIONS /customers/search HTTP/1.1" 204 0
::1 - - [04/Jun/2020:06:56:21 +0000] "POST /customers/search HTTP/1.1" 200 2865
::ffff:127.0.0.1 - - [04/Jun/2020:06:57:13 +0000] "GET /customers HTTP/1.1" 200 415049
::1 - - [04/Jun/2020:07:35:16 +0000] "OPTIONS /customers/search HTTP/1.1" 204 0
::1 - - [04/Jun/2020:07:35:16 +0000] "POST /customers/search HTTP/1.1" 200 2276
::1 - - [04/Jun/2020:07:39:27 +0000] "GET /customers/page/1 HTTP/1.1" 304 -
::1 - - [04/Jun/2020:07:39:48 +0000] "GET /customers/page1 HTTP/1.1" 404 154
::1 - - [04/Jun/2020:07:40:16 +0000] "GET /customers/page1 HTTP/1.1" 404 154
::1 - - [04/Jun/2020:07:40:22 +0000] "GET /customers/page/1 HTTP/1.1" 304 -
::1 - - [04/Jun/2020:07:40:25 +0000] "OPTIONS /customers/search HTTP/1.1" 204 0
::1 - - [04/Jun/2020:07:40:25 +0000] "POST /customers/search HTTP/1.1" 200 2865
::1 - - [04/Jun/2020:07:43:44 +0000] "GET /customers/page/1 HTTP/1.1" 304 -
::1 - - [04/Jun/2020:07:43:46 +0000] "GET /customers/page/1 HTTP/1.1" 304 -
::1 - - [04/Jun/2020:07:44:40 +0000] "GET /customers/page/1 HTTP/1.1" 304 -
::1 - - [04/Jun/2020:07:46:55 +0000] "GET /customers/page/1 HTTP/1.1" 304 -
::1 - - [04/Jun/2020:07:47:19 +0000] "OPTIONS /customers/search HTTP/1.1" 204 0
::1 - - [04/Jun/2020:07:47:19 +0000] "POST /customers/search HTTP/1.1" 200 2
::1 - - [04/Jun/2020:07:48:15 +0000] "GET /customers/page/1 HTTP/1.1" 304 -
::1 - - [04/Jun/2020:07:48:19 +0000] "GET /customers/page/1 HTTP/1.1" 304 -
::1 - - [04/Jun/2020:15:19:56 +0000] "GET /customers/page/1 HTTP/1.1" 304 -
::1 - - [04/Jun/2020:15:20:15 +0000] "OPTIONS /customers/search HTTP/1.1" 204 0
::1 - - [04/Jun/2020:15:20:15 +0000] "POST /customers/search HTTP/1.1" 200 2865
::1 - - [04/Jun/2020:15:20:23 +0000] "OPTIONS /customers/search HTTP/1.1" 204 0
::1 - - [04/Jun/2020:15:20:23 +0000] "POST /customers/search HTTP/1.1" 200 1822
::1 - - [04/Jun/2020:15:20:31 +0000] "OPTIONS /customers/search HTTP/1.1" 204 0
::1 - - [04/Jun/2020:15:20:31 +0000] "POST /customers/search HTTP/1.1" 200 204
::1 - - [04/Jun/2020:15:20:36 +0000] "OPTIONS /customers/search HTTP/1.1" 204 0
::1 - - [04/Jun/2020:15:20:36 +0000] "POST /customers/search HTTP/1.1" 200 2863
::1 - - [04/Jun/2020:15:20:46 +0000] "OPTIONS /customers/search HTTP/1.1" 204 0
::1 - - [04/Jun/2020:15:20:46 +0000] "POST /customers/search HTTP/1.1" 200 1467
::1 - - [04/Jun/2020:15:20:49 +0000] "POST /customers/search HTTP/1.1" 200 2
::1 - - [04/Jun/2020:15:20:52 +0000] "OPTIONS /customers/search HTTP/1.1" 204 0
::1 - - [04/Jun/2020:15:20:52 +0000] "POST /customers/search HTTP/1.1" 200 1467
::ffff:127.0.0.1 - - [04/Jun/2020:15:42:35 +0000] "POST /customers/searchWithType HTTP/1.1" 200 226
::ffff:127.0.0.1 - - [04/Jun/2020:15:42:52 +0000] "POST /customers/searchWithType HTTP/1.1" 200 2
::ffff:127.0.0.1 - - [04/Jun/2020:15:42:55 +0000] "POST /customers/searchWithType HTTP/1.1" 200 2
::ffff:127.0.0.1 - - [04/Jun/2020:15:43:29 +0000] "POST /customers/searchWithType HTTP/1.1" 200 2
::ffff:127.0.0.1 - - [04/Jun/2020:15:44:08 +0000] "POST /customers/searchWithType HTTP/1.1" 200 2
::ffff:127.0.0.1 - - [04/Jun/2020:15:44:33 +0000] "POST /customers/searchWithType HTTP/1.1" 200 2
::ffff:127.0.0.1 - - [04/Jun/2020:15:44:59 +0000] "POST /customers/searchWithType HTTP/1.1" 200 2
::ffff:127.0.0.1 - - [04/Jun/2020:15:45:21 +0000] "POST /customers/searchWithType HTTP/1.1" 200 2
::ffff:127.0.0.1 - - [04/Jun/2020:15:45:50 +0000] "POST /customers/searchWithType HTTP/1.1" 200 19609
::1 - - [04/Jun/2020:15:46:34 +0000] "OPTIONS /customers/search HTTP/1.1" 204 0
::1 - - [04/Jun/2020:15:46:34 +0000] "POST /customers/search HTTP/1.1" 200 2
::1 - - [04/Jun/2020:15:46:45 +0000] "GET /customers/page/1 HTTP/1.1" 304 -
::1 - - [04/Jun/2020:15:46:50 +0000] "OPTIONS /customers/searchWithType HTTP/1.1" 204 0
::1 - - [04/Jun/2020:15:46:50 +0000] "POST /customers/searchWithType HTTP/1.1" 200 19609
